<?xml version="1.0" encoding="UTF-8"?>
<coverage generated="1741606344189" clover="3.2.0">
  <project timestamp="1741606344189" name="All files">
    <metrics statements="21" coveredstatements="18" conditionals="1" coveredconditionals="0" methods="5" coveredmethods="4" elements="27" coveredelements="22" complexity="0" loc="21" ncloc="21" packages="2" files="2" classes="2"/>
    <package name="config">
      <metrics statements="17" coveredstatements="14" conditionals="1" coveredconditionals="0" methods="5" coveredmethods="4"/>
      <file name="mqtt.ts" path="C:\Users\User\Desktop\Projekty\IMB\Backend\src\config\mqtt.ts">
        <metrics statements="17" coveredstatements="14" conditionals="1" coveredconditionals="0" methods="5" coveredmethods="4"/>
        <line num="1" count="1" type="stmt"/>
        <line num="2" count="1" type="stmt"/>
        <line num="7" count="1" type="stmt"/>
        <line num="12" count="1" type="stmt"/>
        <line num="13" count="1" type="stmt"/>
        <line num="14" count="1" type="stmt"/>
        <line num="15" count="1" type="cond" truecount="0" falsecount="1"/>
        <line num="16" count="0" type="stmt"/>
        <line num="21" count="1" type="stmt"/>
        <line num="23" count="1" type="stmt"/>
        <line num="24" count="1" type="stmt"/>
        <line num="25" count="1" type="stmt"/>
        <line num="26" count="1" type="stmt"/>
        <line num="27" count="1" type="stmt"/>
        <line num="31" count="0" type="stmt"/>
        <line num="36" count="1" type="stmt"/>
        <line num="37" count="0" type="stmt"/>
      </file>
    </package>
    <package name="models">
      <metrics statements="4" coveredstatements="4" conditionals="0" coveredconditionals="0" methods="0" coveredmethods="0"/>
      <file name="mqttModles.ts" path="C:\Users\User\Desktop\Projekty\IMB\Backend\src\models\mqttModles.ts">
        <metrics statements="4" coveredstatements="4" conditionals="0" coveredconditionals="0" methods="0" coveredmethods="0"/>
        <line num="1" count="1" type="stmt"/>
        <line num="14" count="1" type="stmt"/>
        <line num="55" count="1" type="stmt"/>
        <line num="57" count="1" type="stmt"/>
      </file>
    </package>
  </project>
</coverage>
