TN:
SF:src\config\mqtt.ts
FN:12,(anonymous_8)
FN:14,(anonymous_9)
FN:21,(anonymous_10)
FN:21,(anonymous_11)
FN:36,(anonymous_12)
FNF:5
FNH:4
FNDA:1,(anonymous_8)
FNDA:1,(anonymous_9)
FNDA:1,(anonymous_10)
FNDA:1,(anonymous_11)
FNDA:0,(anonymous_12)
DA:1,1
DA:2,1
DA:7,1
DA:12,1
DA:13,1
DA:14,1
DA:15,1
DA:16,0
DA:21,1
DA:23,1
DA:24,1
DA:25,1
DA:26,1
DA:27,1
DA:31,0
DA:36,1
DA:37,0
LF:17
LH:14
BRDA:15,0,0,0
BRF:1
BRH:0
end_of_record
TN:
SF:src\models\mqttModles.ts
FNF:0
FNH:0
DA:1,1
DA:14,1
DA:55,1
DA:57,1
LF:4
LH:4
BRF:0
BRH:0
end_of_record
